{"numTotalTestSuites":10,"numPassedTestSuites":10,"numFailedTestSuites":0,"numPendingTestSuites":0,"numTotalTests":11,"numPassedTests":11,"numFailedTests":0,"numPendingTests":0,"numTodoTests":0,"startTime":1762629102026,"success":true,"testResults":[{"assertionResults":[{"ancestorTitles":["","App"],"fullName":" App renders without crashing","status":"passed","title":"renders without crashing","duration":224,"failureMessages":[]}],"startTime":1762629109797,"endTime":1762629110021,"status":"passed","message":"","name":"C:/Code/python/synthetic-data-platform/apps/frontend/src/tests/app.test.tsx"},{"assertionResults":[{"ancestorTitles":["","LLM Settings Page"],"fullName":" LLM Settings Page disables editing for VIEWER role","status":"passed","title":"disables editing for VIEWER role","duration":254,"failureMessages":[]},{"ancestorTitles":["","LLM Settings Page"],"fullName":" LLM Settings Page lists only enabled providers and models for selected provider","status":"passed","title":"lists only enabled providers and models for selected provider","duration":59,"failureMessages":[]},{"ancestorTitles":["","LLM Settings Page"],"fullName":" LLM Settings Page opens Test Suggestions panel on click","status":"passed","title":"opens Test Suggestions panel on click","duration":157,"failureMessages":[]},{"ancestorTitles":["","LLM Settings Page"],"fullName":" LLM Settings Page submits and calls save with current settings","status":"passed","title":"submits and calls save with current settings","duration":97,"failureMessages":[]},{"ancestorTitles":["","LLM Settings Page"],"fullName":" LLM Settings Page updates and saves advanced params (temperature, top_p, max_tokens)","status":"passed","title":"updates and saves advanced params (temperature, top_p, max_tokens)","duration":172,"failureMessages":[]},{"ancestorTitles":["","LLM Settings Page"],"fullName":" LLM Settings Page toggles and saves guardrails switches (block_pii, allow_tool_use)","status":"passed","title":"toggles and saves guardrails switches (block_pii, allow_tool_use)","duration":232,"failureMessages":[]}],"startTime":1762629108632,"endTime":1762629109604,"status":"passed","message":"","name":"C:/Code/python/synthetic-data-platform/apps/frontend/src/tests/llm_settings_page.test.tsx"},{"assertionResults":[{"ancestorTitles":["","Navbar project selector"],"fullName":" Navbar project selector opens selector when LLM Settings clicked without projectId and navigates after selection","status":"passed","title":"opens selector when LLM Settings clicked without projectId and navigates after selection","duration":599,"failureMessages":[]}],"startTime":1762629108569,"endTime":1762629109168,"status":"passed","message":"","name":"C:/Code/python/synthetic-data-platform/apps/frontend/src/tests/navbar_project_selector.test.tsx"},{"assertionResults":[{"ancestorTitles":["","Wizard routing"],"fullName":" Wizard routing sets projectId from route param","status":"passed","title":"sets projectId from route param","duration":223,"failureMessages":[]},{"ancestorTitles":["","Wizard routing"],"fullName":" Wizard routing redirects legacy /wizard?projectId=... to /projects/:projectId/wizard","status":"passed","title":"redirects legacy /wizard?projectId=... to /projects/:projectId/wizard","duration":80,"failureMessages":[]}],"startTime":1762629109334,"endTime":1762629109637,"status":"passed","message":"","name":"C:/Code/python/synthetic-data-platform/apps/frontend/src/tests/wizard_routing.test.tsx"},{"assertionResults":[{"ancestorTitles":["","Project selection → wizard flow"],"fullName":" Project selection → wizard flow opens project selector then navigates to wizard with projectId and renders Entities tab","status":"passed","title":"opens project selector then navigates to wizard with projectId and renders Entities tab","duration":776,"failureMessages":[]}],"startTime":1762629109335,"endTime":1762629110111,"status":"passed","message":"","name":"C:/Code/python/synthetic-data-platform/apps/frontend/src/tests/e2e/project_wizard_flow.test.tsx"}]}
[34m % [39m[2mCoverage report from [22m[33mv8[39m
-------------------|---------|----------|---------|---------|-------------------
File               | % Stmts | % Branch | % Funcs | % Lines | Uncovered Line #s 
-------------------|---------|----------|---------|---------|-------------------
All files          |   38.97 |    46.63 |   24.37 |   38.97 |                   
 frontend          |       0 |        0 |       0 |       0 |                   
  ...ss.config.cjs |       0 |        0 |       0 |       0 | 1-4               
  ...nd.config.cjs |       0 |        0 |       0 |       0 | 1-24              
 frontend/scripts  |       0 |        0 |       0 |       0 |                   
  ...flakiness.mjs |       0 |        0 |       0 |       0 | 1-59              
 frontend/src      |       0 |        0 |       0 |       0 |                   
  app.tsx          |       0 |        0 |       0 |       0 | 1-5               
  main.tsx         |       0 |        0 |       0 |       0 | 1-51              
 ...src/components |   94.96 |    76.92 |   72.72 |   94.96 |                   
  app_navbar.tsx   |   96.62 |     87.5 |   71.42 |   96.62 | 20-22             
  navbar.tsx       |       0 |        0 |       0 |       0 | 1-5               
  ..._selector.tsx |     100 |    66.66 |     100 |     100 | 25-26,39          
 ...ents/admin/llm |       0 |        0 |       0 |       0 |                   
  ...als_modal.tsx |       0 |        0 |       0 |       0 | 1-81              
  ...er_drawer.tsx |       0 |        0 |       0 |       0 | 1-95              
  ...orm_modal.tsx |       0 |        0 |       0 |       0 | 1-94              
 ...onents/diagram |   10.61 |        0 |       0 |   10.61 |                   
  ...tor_modal.tsx |       0 |        0 |       0 |       0 | 1-72              
  ...am_canvas.tsx |    12.7 |      100 |       0 |    12.7 | ...8,40-44,46-244 
  edge_panel.tsx   |   18.96 |      100 |       0 |   18.96 | 12-58             
  table_node.tsx   |     9.2 |      100 |       0 |     9.2 | 14-16,19-163      
 ...nents/entities |   64.83 |    35.29 |    9.67 |   64.83 |                   
  ...ity_modal.tsx |   64.83 |    35.29 |    9.67 |   64.83 | ...53-255,273-275 
 ...tend/src/hooks |   14.34 |    42.85 |   18.18 |   14.34 |                   
  use_autosave.ts  |   73.91 |      100 |     100 |   73.91 | 11-16             
  use_entities.ts  |       0 |        0 |       0 |       0 | 1-31              
  ..._providers.ts |       0 |        0 |       0 |       0 | 1-9               
  use_llm_admin.ts |       0 |        0 |       0 |       0 | 1-100             
  ...m_settings.ts |       0 |        0 |       0 |       0 | 1-20              
  use_projects.ts  |       0 |        0 |       0 |       0 | 1-8               
  use_sources.ts   |       0 |        0 |       0 |       0 | 1-23              
  ...ed_changes.ts |   65.51 |    66.66 |   33.33 |   65.51 | 13-19,24-26       
  use_validate.ts  |       0 |        0 |       0 |       0 | 1-8               
 ...tend/src/pages |   82.91 |    58.75 |   73.68 |   82.91 |                   
  home_page.tsx    |   96.17 |       75 |     100 |   96.17 | 61-67             
  ...ings_page.tsx |   93.47 |    53.12 |   76.92 |   93.47 | 89-90,308-327     
  ...tail_page.tsx |       0 |        0 |       0 |       0 | 1-84              
  wizard_page.tsx  |   95.06 |     90.9 |   66.66 |   95.06 | 40-43             
 ...rc/pages/admin |       0 |        0 |       0 |       0 |                   
  ...ders_page.tsx |       0 |        0 |       0 |       0 | 1-118             
 ...c/pages/wizard |   38.12 |    36.66 |    18.6 |   38.12 |                   
  diagram_page.tsx |   54.54 |       50 |      25 |   54.54 | 13-23,26-29       
  ...ties_page.tsx |   73.56 |    42.85 |      20 |   73.56 | ...32,37-39,66-73 
  ..._run_page.tsx |   59.73 |    42.85 |   14.28 |   59.73 | ...,62-85,136-145 
  ..._pii_page.tsx |   17.51 |    57.14 |    7.14 |   17.51 | ...49-265,272-447 
  rules_page.tsx   |    47.5 |    26.66 |   30.76 |    47.5 | ...05-217,223-261 
 ...d/src/services |   29.55 |    33.33 |       0 |   29.55 |                   
  api.ts           |    72.5 |    66.66 |     100 |    72.5 | 18-19,23-24,31-37 
  entities.ts      |   19.51 |      100 |       0 |   19.51 | ...31,33-36,38-41 
  llm_admin.ts     |       0 |        0 |       0 |       0 | 1-119             
  llm_settings.ts  |       0 |        0 |       0 |       0 | 1-33              
  projects.ts      |       0 |        0 |       0 |       0 | 1-12              
  providers.ts     |   44.82 |      100 |       0 |   44.82 | 22-26,29-48,52-58 
  requests.ts      |      58 |      100 |       0 |      58 | ...39,41-44,46-50 
  sources.ts       |      25 |      100 |       0 |      25 | ...24,26-32,34-44 
  validation.ts    |   84.61 |      100 |       0 |   84.61 | 23-26             
 ...tend/src/state |   57.81 |    33.33 |      80 |   57.81 |                   
  wizard.tsx       |   57.81 |    33.33 |      80 |   57.81 | ...22-236,266-275 
 ...tend/src/types |       0 |        0 |       0 |       0 |                   
  schema.ts        |       0 |        0 |       0 |       0 | 1-158             
 ...tend/src/utils |   17.39 |      100 |       0 |   17.39 |                   
  layout.ts        |   17.39 |      100 |       0 |   17.39 | 5-23              
-------------------|---------|----------|---------|---------|-------------------
