{"total": {"lines":{"total":4387,"covered":1710,"skipped":0,"pct":38.97},"statements":{"total":4387,"covered":1710,"skipped":0,"pct":38.97},"functions":{"total":160,"covered":39,"skipped":0,"pct":24.37},"branches":{"total":238,"covered":111,"skipped":0,"pct":46.63},"branchesTrue":{"total":0,"covered":0,"skipped":0,"pct":100}}
,"C:\\Code\\python\\synthetic-data-platform\\apps\\frontend\\postcss.config.cjs": {"lines":{"total":4,"covered":0,"skipped":0,"pct":0},"functions":{"total":1,"covered":0,"skipped":0,"pct":0},"statements":{"total":4,"covered":0,"skipped":0,"pct":0},"branches":{"total":1,"covered":0,"skipped":0,"pct":0}}
,"C:\\Code\\python\\synthetic-data-platform\\apps\\frontend\\tailwind.config.cjs": {"lines":{"total":24,"covered":0,"skipped":0,"pct":0},"functions":{"total":1,"covered":0,"skipped":0,"pct":0},"statements":{"total":24,"covered":0,"skipped":0,"pct":0},"branches":{"total":1,"covered":0,"skipped":0,"pct":0}}
,"C:\\Code\\python\\synthetic-data-platform\\apps\\frontend\\scripts\\check-flakiness.mjs": {"lines":{"total":59,"covered":0,"skipped":0,"pct":0},"functions":{"total":1,"covered":0,"skipped":0,"pct":0},"statements":{"total":59,"covered":0,"skipped":0,"pct":0},"branches":{"total":1,"covered":0,"skipped":0,"pct":0}}
,"C:\\Code\\python\\synthetic-data-platform\\apps\\frontend\\src\\app.tsx": {"lines":{"total":5,"covered":0,"skipped":0,"pct":0},"functions":{"total":1,"covered":0,"skipped":0,"pct":0},"statements":{"total":5,"covered":0,"skipped":0,"pct":0},"branches":{"total":1,"covered":0,"skipped":0,"pct":0}}
,"C:\\Code\\python\\synthetic-data-platform\\apps\\frontend\\src\\main.tsx": {"lines":{"total":51,"covered":0,"skipped":0,"pct":0},"functions":{"total":1,"covered":0,"skipped":0,"pct":0},"statements":{"total":51,"covered":0,"skipped":0,"pct":0},"branches":{"total":1,"covered":0,"skipped":0,"pct":0}}
,"C:\\Code\\python\\synthetic-data-platform\\apps\\frontend\\src\\components\\app_navbar.tsx": {"lines":{"total":89,"covered":86,"skipped":0,"pct":96.62},"functions":{"total":7,"covered":5,"skipped":0,"pct":71.42},"statements":{"total":89,"covered":86,"skipped":0,"pct":96.62},"branches":{"total":16,"covered":14,"skipped":0,"pct":87.5}}
,"C:\\Code\\python\\synthetic-data-platform\\apps\\frontend\\src\\components\\navbar.tsx": {"lines":{"total":5,"covered":0,"skipped":0,"pct":0},"functions":{"total":1,"covered":0,"skipped":0,"pct":0},"statements":{"total":5,"covered":0,"skipped":0,"pct":0},"branches":{"total":1,"covered":0,"skipped":0,"pct":0}}
,"C:\\Code\\python\\synthetic-data-platform\\apps\\frontend\\src\\components\\project_selector.tsx": {"lines":{"total":65,"covered":65,"skipped":0,"pct":100},"functions":{"total":3,"covered":3,"skipped":0,"pct":100},"statements":{"total":65,"covered":65,"skipped":0,"pct":100},"branches":{"total":9,"covered":6,"skipped":0,"pct":66.66}}
,"C:\\Code\\python\\synthetic-data-platform\\apps\\frontend\\src\\components\\admin\\llm\\credentials_modal.tsx": {"lines":{"total":81,"covered":0,"skipped":0,"pct":0},"functions":{"total":1,"covered":0,"skipped":0,"pct":0},"statements":{"total":81,"covered":0,"skipped":0,"pct":0},"branches":{"total":1,"covered":0,"skipped":0,"pct":0}}
,"C:\\Code\\python\\synthetic-data-platform\\apps\\frontend\\src\\components\\admin\\llm\\discover_drawer.tsx": {"lines":{"total":95,"covered":0,"skipped":0,"pct":0},"functions":{"total":1,"covered":0,"skipped":0,"pct":0},"statements":{"total":95,"covered":0,"skipped":0,"pct":0},"branches":{"total":1,"covered":0,"skipped":0,"pct":0}}
,"C:\\Code\\python\\synthetic-data-platform\\apps\\frontend\\src\\components\\admin\\llm\\provider_form_modal.tsx": {"lines":{"total":94,"covered":0,"skipped":0,"pct":0},"functions":{"total":1,"covered":0,"skipped":0,"pct":0},"statements":{"total":94,"covered":0,"skipped":0,"pct":0},"branches":{"total":1,"covered":0,"skipped":0,"pct":0}}
,"C:\\Code\\python\\synthetic-data-platform\\apps\\frontend\\src\\components\\diagram\\column_editor_modal.tsx": {"lines":{"total":72,"covered":0,"skipped":0,"pct":0},"functions":{"total":1,"covered":0,"skipped":0,"pct":0},"statements":{"total":72,"covered":0,"skipped":0,"pct":0},"branches":{"total":1,"covered":0,"skipped":0,"pct":0}}
,"C:\\Code\\python\\synthetic-data-platform\\apps\\frontend\\src\\components\\diagram\\diagram_canvas.tsx": {"lines":{"total":244,"covered":31,"skipped":0,"pct":12.7},"functions":{"total":3,"covered":0,"skipped":0,"pct":0},"statements":{"total":244,"covered":31,"skipped":0,"pct":12.7},"branches":{"total":0,"covered":0,"skipped":0,"pct":100}}
,"C:\\Code\\python\\synthetic-data-platform\\apps\\frontend\\src\\components\\diagram\\edge_panel.tsx": {"lines":{"total":58,"covered":11,"skipped":0,"pct":18.96},"functions":{"total":1,"covered":0,"skipped":0,"pct":0},"statements":{"total":58,"covered":11,"skipped":0,"pct":18.96},"branches":{"total":0,"covered":0,"skipped":0,"pct":100}}
,"C:\\Code\\python\\synthetic-data-platform\\apps\\frontend\\src\\components\\diagram\\table_node.tsx": {"lines":{"total":163,"covered":15,"skipped":0,"pct":9.2},"functions":{"total":2,"covered":0,"skipped":0,"pct":0},"statements":{"total":163,"covered":15,"skipped":0,"pct":9.2},"branches":{"total":0,"covered":0,"skipped":0,"pct":100}}
,"C:\\Code\\python\\synthetic-data-platform\\apps\\frontend\\src\\components\\entities\\add_entity_modal.tsx": {"lines":{"total":364,"covered":236,"skipped":0,"pct":64.83},"functions":{"total":31,"covered":3,"skipped":0,"pct":9.67},"statements":{"total":364,"covered":236,"skipped":0,"pct":64.83},"branches":{"total":17,"covered":6,"skipped":0,"pct":35.29}}
,"C:\\Code\\python\\synthetic-data-platform\\apps\\frontend\\src\\hooks\\use_autosave.ts": {"lines":{"total":23,"covered":17,"skipped":0,"pct":73.91},"functions":{"total":1,"covered":1,"skipped":0,"pct":100},"statements":{"total":23,"covered":17,"skipped":0,"pct":73.91},"branches":{"total":4,"covered":4,"skipped":0,"pct":100}}
,"C:\\Code\\python\\synthetic-data-platform\\apps\\frontend\\src\\hooks\\use_entities.ts": {"lines":{"total":31,"covered":0,"skipped":0,"pct":0},"functions":{"total":1,"covered":0,"skipped":0,"pct":0},"statements":{"total":31,"covered":0,"skipped":0,"pct":0},"branches":{"total":1,"covered":0,"skipped":0,"pct":0}}
,"C:\\Code\\python\\synthetic-data-platform\\apps\\frontend\\src\\hooks\\use_infer_providers.ts": {"lines":{"total":9,"covered":0,"skipped":0,"pct":0},"functions":{"total":1,"covered":0,"skipped":0,"pct":0},"statements":{"total":9,"covered":0,"skipped":0,"pct":0},"branches":{"total":1,"covered":0,"skipped":0,"pct":0}}
,"C:\\Code\\python\\synthetic-data-platform\\apps\\frontend\\src\\hooks\\use_llm_admin.ts": {"lines":{"total":100,"covered":0,"skipped":0,"pct":0},"functions":{"total":1,"covered":0,"skipped":0,"pct":0},"statements":{"total":100,"covered":0,"skipped":0,"pct":0},"branches":{"total":1,"covered":0,"skipped":0,"pct":0}}
,"C:\\Code\\python\\synthetic-data-platform\\apps\\frontend\\src\\hooks\\use_llm_settings.ts": {"lines":{"total":20,"covered":0,"skipped":0,"pct":0},"functions":{"total":1,"covered":0,"skipped":0,"pct":0},"statements":{"total":20,"covered":0,"skipped":0,"pct":0},"branches":{"total":1,"covered":0,"skipped":0,"pct":0}}
,"C:\\Code\\python\\synthetic-data-platform\\apps\\frontend\\src\\hooks\\use_projects.ts": {"lines":{"total":8,"covered":0,"skipped":0,"pct":0},"functions":{"total":1,"covered":0,"skipped":0,"pct":0},"statements":{"total":8,"covered":0,"skipped":0,"pct":0},"branches":{"total":1,"covered":0,"skipped":0,"pct":0}}
,"C:\\Code\\python\\synthetic-data-platform\\apps\\frontend\\src\\hooks\\use_sources.ts": {"lines":{"total":23,"covered":0,"skipped":0,"pct":0},"functions":{"total":1,"covered":0,"skipped":0,"pct":0},"statements":{"total":23,"covered":0,"skipped":0,"pct":0},"branches":{"total":1,"covered":0,"skipped":0,"pct":0}}
,"C:\\Code\\python\\synthetic-data-platform\\apps\\frontend\\src\\hooks\\use_unsaved_changes.ts": {"lines":{"total":29,"covered":19,"skipped":0,"pct":65.51},"functions":{"total":3,"covered":1,"skipped":0,"pct":33.33},"statements":{"total":29,"covered":19,"skipped":0,"pct":65.51},"branches":{"total":3,"covered":2,"skipped":0,"pct":66.66}}
,"C:\\Code\\python\\synthetic-data-platform\\apps\\frontend\\src\\hooks\\use_validate.ts": {"lines":{"total":8,"covered":0,"skipped":0,"pct":0},"functions":{"total":1,"covered":0,"skipped":0,"pct":0},"statements":{"total":8,"covered":0,"skipped":0,"pct":0},"branches":{"total":1,"covered":0,"skipped":0,"pct":0}}
,"C:\\Code\\python\\synthetic-data-platform\\apps\\frontend\\src\\pages\\home_page.tsx": {"lines":{"total":183,"covered":176,"skipped":0,"pct":96.17},"functions":{"total":2,"covered":2,"skipped":0,"pct":100},"statements":{"total":183,"covered":176,"skipped":0,"pct":96.17},"branches":{"total":4,"covered":3,"skipped":0,"pct":75}}
,"C:\\Code\\python\\synthetic-data-platform\\apps\\frontend\\src\\pages\\llm_settings_page.tsx": {"lines":{"total":337,"covered":315,"skipped":0,"pct":93.47},"functions":{"total":13,"covered":10,"skipped":0,"pct":76.92},"statements":{"total":337,"covered":315,"skipped":0,"pct":93.47},"branches":{"total":64,"covered":34,"skipped":0,"pct":53.12}}
,"C:\\Code\\python\\synthetic-data-platform\\apps\\frontend\\src\\pages\\request_detail_page.tsx": {"lines":{"total":84,"covered":0,"skipped":0,"pct":0},"functions":{"total":1,"covered":0,"skipped":0,"pct":0},"statements":{"total":84,"covered":0,"skipped":0,"pct":0},"branches":{"total":1,"covered":0,"skipped":0,"pct":0}}
,"C:\\Code\\python\\synthetic-data-platform\\apps\\frontend\\src\\pages\\wizard_page.tsx": {"lines":{"total":81,"covered":77,"skipped":0,"pct":95.06},"functions":{"total":3,"covered":2,"skipped":0,"pct":66.66},"statements":{"total":81,"covered":77,"skipped":0,"pct":95.06},"branches":{"total":11,"covered":10,"skipped":0,"pct":90.9}}
,"C:\\Code\\python\\synthetic-data-platform\\apps\\frontend\\src\\pages\\admin\\llm_providers_page.tsx": {"lines":{"total":118,"covered":0,"skipped":0,"pct":0},"functions":{"total":1,"covered":0,"skipped":0,"pct":0},"statements":{"total":118,"covered":0,"skipped":0,"pct":0},"branches":{"total":1,"covered":0,"skipped":0,"pct":0}}
,"C:\\Code\\python\\synthetic-data-platform\\apps\\frontend\\src\\pages\\wizard\\diagram_page.tsx": {"lines":{"total":33,"covered":18,"skipped":0,"pct":54.54},"functions":{"total":4,"covered":1,"skipped":0,"pct":25},"statements":{"total":33,"covered":18,"skipped":0,"pct":54.54},"branches":{"total":2,"covered":1,"skipped":0,"pct":50}}
,"C:\\Code\\python\\synthetic-data-platform\\apps\\frontend\\src\\pages\\wizard\\entities_page.tsx": {"lines":{"total":87,"covered":64,"skipped":0,"pct":73.56},"functions":{"total":5,"covered":1,"skipped":0,"pct":20},"statements":{"total":87,"covered":64,"skipped":0,"pct":73.56},"branches":{"total":7,"covered":3,"skipped":0,"pct":42.85}}
,"C:\\Code\\python\\synthetic-data-platform\\apps\\frontend\\src\\pages\\wizard\\outputs_run_page.tsx": {"lines":{"total":149,"covered":89,"skipped":0,"pct":59.73},"functions":{"total":7,"covered":1,"skipped":0,"pct":14.28},"statements":{"total":149,"covered":89,"skipped":0,"pct":59.73},"branches":{"total":14,"covered":6,"skipped":0,"pct":42.85}}
,"C:\\Code\\python\\synthetic-data-platform\\apps\\frontend\\src\\pages\\wizard\\providers_pii_page.tsx": {"lines":{"total":451,"covered":79,"skipped":0,"pct":17.51},"functions":{"total":14,"covered":1,"skipped":0,"pct":7.14},"statements":{"total":451,"covered":79,"skipped":0,"pct":17.51},"branches":{"total":7,"covered":4,"skipped":0,"pct":57.14}}
,"C:\\Code\\python\\synthetic-data-platform\\apps\\frontend\\src\\pages\\wizard\\rules_page.tsx": {"lines":{"total":261,"covered":124,"skipped":0,"pct":47.5},"functions":{"total":13,"covered":4,"skipped":0,"pct":30.76},"statements":{"total":261,"covered":124,"skipped":0,"pct":47.5},"branches":{"total":30,"covered":8,"skipped":0,"pct":26.66}}
,"C:\\Code\\python\\synthetic-data-platform\\apps\\frontend\\src\\services\\api.ts": {"lines":{"total":40,"covered":29,"skipped":0,"pct":72.5},"functions":{"total":0,"covered":0,"skipped":0,"pct":100},"statements":{"total":40,"covered":29,"skipped":0,"pct":72.5},"branches":{"total":3,"covered":2,"skipped":0,"pct":66.66}}
,"C:\\Code\\python\\synthetic-data-platform\\apps\\frontend\\src\\services\\entities.ts": {"lines":{"total":41,"covered":8,"skipped":0,"pct":19.51},"functions":{"total":6,"covered":0,"skipped":0,"pct":0},"statements":{"total":41,"covered":8,"skipped":0,"pct":19.51},"branches":{"total":0,"covered":0,"skipped":0,"pct":100}}
,"C:\\Code\\python\\synthetic-data-platform\\apps\\frontend\\src\\services\\llm_admin.ts": {"lines":{"total":119,"covered":0,"skipped":0,"pct":0},"functions":{"total":1,"covered":0,"skipped":0,"pct":0},"statements":{"total":119,"covered":0,"skipped":0,"pct":0},"branches":{"total":1,"covered":0,"skipped":0,"pct":0}}
,"C:\\Code\\python\\synthetic-data-platform\\apps\\frontend\\src\\services\\llm_settings.ts": {"lines":{"total":33,"covered":0,"skipped":0,"pct":0},"functions":{"total":1,"covered":0,"skipped":0,"pct":0},"statements":{"total":33,"covered":0,"skipped":0,"pct":0},"branches":{"total":1,"covered":0,"skipped":0,"pct":0}}
,"C:\\Code\\python\\synthetic-data-platform\\apps\\frontend\\src\\services\\projects.ts": {"lines":{"total":12,"covered":0,"skipped":0,"pct":0},"functions":{"total":1,"covered":0,"skipped":0,"pct":0},"statements":{"total":12,"covered":0,"skipped":0,"pct":0},"branches":{"total":1,"covered":0,"skipped":0,"pct":0}}
,"C:\\Code\\python\\synthetic-data-platform\\apps\\frontend\\src\\services\\providers.ts": {"lines":{"total":58,"covered":26,"skipped":0,"pct":44.82},"functions":{"total":3,"covered":0,"skipped":0,"pct":0},"statements":{"total":58,"covered":26,"skipped":0,"pct":44.82},"branches":{"total":0,"covered":0,"skipped":0,"pct":100}}
,"C:\\Code\\python\\synthetic-data-platform\\apps\\frontend\\src\\services\\requests.ts": {"lines":{"total":50,"covered":29,"skipped":0,"pct":58},"functions":{"total":5,"covered":0,"skipped":0,"pct":0},"statements":{"total":50,"covered":29,"skipped":0,"pct":58},"branches":{"total":0,"covered":0,"skipped":0,"pct":100}}
,"C:\\Code\\python\\synthetic-data-platform\\apps\\frontend\\src\\services\\sources.ts": {"lines":{"total":44,"covered":11,"skipped":0,"pct":25},"functions":{"total":4,"covered":0,"skipped":0,"pct":0},"statements":{"total":44,"covered":11,"skipped":0,"pct":25},"branches":{"total":0,"covered":0,"skipped":0,"pct":100}}
,"C:\\Code\\python\\synthetic-data-platform\\apps\\frontend\\src\\services\\validation.ts": {"lines":{"total":26,"covered":22,"skipped":0,"pct":84.61},"functions":{"total":1,"covered":0,"skipped":0,"pct":0},"statements":{"total":26,"covered":22,"skipped":0,"pct":84.61},"branches":{"total":0,"covered":0,"skipped":0,"pct":100}}
,"C:\\Code\\python\\synthetic-data-platform\\apps\\frontend\\src\\state\\wizard.tsx": {"lines":{"total":275,"covered":159,"skipped":0,"pct":57.81},"functions":{"total":5,"covered":4,"skipped":0,"pct":80},"statements":{"total":275,"covered":159,"skipped":0,"pct":57.81},"branches":{"total":24,"covered":8,"skipped":0,"pct":33.33}}
,"C:\\Code\\python\\synthetic-data-platform\\apps\\frontend\\src\\types\\schema.ts": {"lines":{"total":158,"covered":0,"skipped":0,"pct":0},"functions":{"total":1,"covered":0,"skipped":0,"pct":0},"statements":{"total":158,"covered":0,"skipped":0,"pct":0},"branches":{"total":1,"covered":0,"skipped":0,"pct":0}}
,"C:\\Code\\python\\synthetic-data-platform\\apps\\frontend\\src\\utils\\layout.ts": {"lines":{"total":23,"covered":4,"skipped":0,"pct":17.39},"functions":{"total":1,"covered":0,"skipped":0,"pct":0},"statements":{"total":23,"covered":4,"skipped":0,"pct":17.39},"branches":{"total":0,"covered":0,"skipped":0,"pct":100}}
}
